<?xml version="1.0" encoding="UTF-8" ?>
<testsuite tests="1" failures="0" name="jp.co.codable.MybatisSample.AppTest" time="0.002" errors="0" skipped="0">
  <properties>
    <property name="java.runtime.name" value="Java(TM) SE Runtime Environment"/>
    <property name="sun.boot.library.path" value="/Applications/Eclipse_4.7.2.app/Contents/java/8/Home/jre/lib"/>
    <property name="java.vm.version" value="25.152-b16"/>
    <property name="gopherProxySet" value="false"/>
    <property name="java.vm.vendor" value="Oracle Corporation"/>
    <property name="maven.multiModuleProjectDirectory" value="/Users/kawasaki/Development/workspace/MybatisSample"/>
    <property name="java.vendor.url" value="http://java.oracle.com/"/>
    <property name="path.separator" value=":"/>
    <property name="guice.disable.misplaced.annotation.check" value="true"/>
    <property name="java.vm.name" value="Java HotSpot(TM) 64-Bit Server VM"/>
    <property name="file.encoding.pkg" value="sun.io"/>
    <property name="user.country" value="JP"/>
    <property name="sun.java.launcher" value="SUN_STANDARD"/>
    <property name="sun.os.patch.level" value="unknown"/>
    <property name="java.vm.specification.name" value="Java Virtual Machine Specification"/>
    <property name="user.dir" value="/Users/kawasaki/Development/workspace/MybatisSample"/>
    <property name="java.runtime.version" value="1.8.0_152-b16"/>
    <property name="java.awt.graphicsenv" value="sun.awt.CGraphicsEnvironment"/>
    <property name="java.endorsed.dirs" value="/Applications/Eclipse_4.7.2.app/Contents/java/8/Home/jre/lib/endorsed"/>
    <property name="os.arch" value="x86_64"/>
    <property name="java.io.tmpdir" value="/var/folders/dc/t8p5b39n0_d027pm45v6brg80000gn/T/"/>
    <property name="line.separator" value="
"/>
    <property name="java.vm.specification.vendor" value="Oracle Corporation"/>
    <property name="os.name" value="Mac OS X"/>
    <property name="classworlds.conf" value="/Users/kawasaki/Development/workspace/.metadata/.plugins/org.eclipse.m2e.launching/launches/m2conf388803689773699791.tmp"/>
    <property name="sun.jnu.encoding" value="UTF-8"/>
    <property name="java.library.path" value="/Users/kawasaki/Library/Java/Extensions:/Library/Java/Extensions:/Network/Library/Java/Extensions:/System/Library/Java/Extensions:/usr/lib/java:."/>
    <property name="java.specification.name" value="Java Platform API Specification"/>
    <property name="java.class.version" value="52.0"/>
    <property name="sun.management.compiler" value="HotSpot 64-Bit Tiered Compilers"/>
    <property name="os.version" value="10.13.1"/>
    <property name="http.nonProxyHosts" value="local|*.local|169.254/16|*.169.254/16"/>
    <property name="user.home" value="/Users/kawasaki"/>
    <property name="user.timezone" value="Asia/Tokyo"/>
    <property name="java.awt.printerjob" value="sun.lwawt.macosx.CPrinterJob"/>
    <property name="java.specification.version" value="1.8"/>
    <property name="file.encoding" value="UTF-8"/>
    <property name="user.name" value="kawasaki"/>
    <property name="java.class.path" value="/Applications/Eclipse_4.7.2.app/Contents/Eclipse/plugins/org.eclipse.m2e.maven.runtime_1.8.2.20171007-0216/jars/plexus-classworlds-2.5.2.jar"/>
    <property name="java.vm.specification.version" value="1.8"/>
    <property name="sun.arch.data.model" value="64"/>
    <property name="java.home" value="/Applications/Eclipse_4.7.2.app/Contents/java/8/Home/jre"/>
    <property name="sun.java.command" value="org.codehaus.plexus.classworlds.launcher.Launcher -B install"/>
    <property name="java.specification.vendor" value="Oracle Corporation"/>
    <property name="user.language" value="ja"/>
    <property name="user.language.format" value="en"/>
    <property name="awt.toolkit" value="sun.lwawt.macosx.LWCToolkit"/>
    <property name="java.vm.info" value="mixed mode"/>
    <property name="java.version" value="1.8.0_152"/>
    <property name="java.ext.dirs" value="/Applications/Eclipse_4.7.2.app/Contents/java/8/Home/jre/lib/ext"/>
    <property name="sun.boot.class.path" value="/Applications/Eclipse_4.7.2.app/Contents/java/8/Home/jre/lib/resources.jar:/Applications/Eclipse_4.7.2.app/Contents/java/8/Home/jre/lib/rt.jar:/Applications/Eclipse_4.7.2.app/Contents/java/8/Home/jre/lib/sunrsasign.jar:/Applications/Eclipse_4.7.2.app/Contents/java/8/Home/jre/lib/jsse.jar:/Applications/Eclipse_4.7.2.app/Contents/java/8/Home/jre/lib/jce.jar:/Applications/Eclipse_4.7.2.app/Contents/java/8/Home/jre/lib/charsets.jar:/Applications/Eclipse_4.7.2.app/Contents/java/8/Home/jre/lib/jfr.jar:/Applications/Eclipse_4.7.2.app/Contents/java/8/Home/jre/classes"/>
    <property name="java.vendor" value="Oracle Corporation"/>
    <property name="maven.home" value="/Users/kawasaki/Development/workspace/MybatisSample/EMBEDDED"/>
    <property name="file.separator" value="/"/>
    <property name="java.vendor.url.bug" value="http://bugreport.sun.com/bugreport/"/>
    <property name="sun.cpu.endian" value="little"/>
    <property name="sun.io.unicode.encoding" value="UnicodeBig"/>
    <property name="socksNonProxyHosts" value="local|*.local|169.254/16|*.169.254/16"/>
    <property name="ftp.nonProxyHosts" value="local|*.local|169.254/16|*.169.254/16"/>
    <property name="sun.cpu.isalist" value=""/>
  </properties>
  <testcase classname="jp.co.codable.MybatisSample.AppTest" name="testApp" time="0.002"/>
</testsuite>